<?xml version="1.0" encoding="UTF-8"?>
<testsuite name="org.pitest.PitMojoIT" time="557.88" tests="18" errors="0" skipped="0" failures="0">
  <properties>
[...]
</properties>
  <testcase name="shouldReadExclusionsFromSurefireConfig" classname="org.pitest.PitMojoIT" time="29.223"/>
  <testcase name="shouldFailIfNoPITReportAvailable" classname="org.pitest.PitMojoIT" time="38.923"/>
  <testcase name="shouldGenerateSiteReportWithSingleTimestampedHtmlReport" classname="org.pitest.PitMojoIT" time="23.355"/>
  <testcase name="shouldNotHangWhenLargeAmountsOfConsoleOutput" classname="org.pitest.PitMojoIT" time="26.605"/>
  <testcase name="shouldCopyLatestTimestampedReportWhenMultipleTimestampedReportsExist" classname="org.pitest.PitMojoIT" time="20.727"/>
  <testcase name="shouldWorkWithGWTMockito" classname="org.pitest.PitMojoIT" time="69.436"/>
  <testcase name="shouldGenerateSiteReportWithNonTimestampedHtmlReport" classname="org.pitest.PitMojoIT" time="21.523"/>
  <testcase name="shouldWorkWithTestNG" classname="org.pitest.PitMojoIT" time="35.567"/>
  <testcase name="shouldSetUserDirToArtefactWorkingDirectory" classname="org.pitest.PitMojoIT" time="16.851"/>
  <testcase name="shouldWorkWithTestNGAndJMockit" classname="org.pitest.PitMojoIT" time="36.163"/>
  <testcase name="shouldExcludeSpecifiedJUnitCategories" classname="org.pitest.PitMojoIT" time="30.874"/>
  <testcase name="shouldWorkWithYatspec" classname="org.pitest.PitMojoIT" time="32.422"/>
  <testcase name="shouldWorkWithPowerMock" classname="org.pitest.PitMojoIT" time="46.477"/>
  <testcase name="shouldCorrectlyTargetTestsWhenMultipleBlocksIncludeALine" classname="org.pitest.PitMojoIT" time="25.447"/>
  <testcase name="shouldCorrectlyHandleOverrides" classname="org.pitest.PitMojoIT" time="19.921"/>
  <testcase name="shouldSkipSiteReportGeneration" classname="org.pitest.PitMojoIT" time="19.836"/>
  <testcase name="shouldProduceConsistantCoverageData" classname="org.pitest.PitMojoIT" time="44.472"/>
  <testcase name="shouldCopyLatestTimestampedOrNonTimestampedReportWhenBothExist" classname="org.pitest.PitMojoIT" time="20.058"/>
</testsuite>