<?xml version="1.0" encoding="UTF-8"?>
<testsuite name="org.pitest.maven.MojoToReportOptionsConverterTest" time="5.131" tests="42" errors="0" skipped="0" failures="0">
  <properties>
[...]
</properties>
  <testcase name="testParsesCustomProperties" classname="org.pitest.maven.MojoToReportOptionsConverterTest" time="1.455"/>
  <testcase name="testUsesSourceDirectoriesFromProject" classname="org.pitest.maven.MojoToReportOptionsConverterTest" time="0.136"/>
  <testcase name="testParsesDetectInlineCodeFlag" classname="org.pitest.maven.MojoToReportOptionsConverterTest" time="0.105"/>
  <testcase name="testParsesSurefireConfigWhenFlagSet" classname="org.pitest.maven.MojoToReportOptionsConverterTest" time="0.133"/>
  <testcase name="testParsesMutationUnitSize" classname="org.pitest.maven.MojoToReportOptionsConverterTest" time="0.095"/>
  <testcase name="testParsesTimeOutConstant" classname="org.pitest.maven.MojoToReportOptionsConverterTest" time="0.104"/>
  <testcase name="testParsesHistoryInputFile" classname="org.pitest.maven.MojoToReportOptionsConverterTest" time="0.089"/>
  <testcase name="testParsesExcludedClasspathElements" classname="org.pitest.maven.MojoToReportOptionsConverterTest" time="0.129"/>
  <testcase name="testParsesListOfJVMArgs" classname="org.pitest.maven.MojoToReportOptionsConverterTest" time="0.125"/>
  <testcase name="testObeysFailWhenNoMutationsFlagWhenPackagingTypeIsNotPOM" classname="org.pitest.maven.MojoToReportOptionsConverterTest" time="0.142"/>
  <testcase name="testParsesMaxDependencyDistance" classname="org.pitest.maven.MojoToReportOptionsConverterTest" time="0.077"/>
  <testcase name="testParsesHistoryOutputFile" classname="org.pitest.maven.MojoToReportOptionsConverterTest" time="0.066"/>
  <testcase name="testParsesListOfExcludedTestClassGlobs" classname="org.pitest.maven.MojoToReportOptionsConverterTest" time="0.085"/>
  <testcase name="testParsesTestGroupsToInclude" classname="org.pitest.maven.MojoToReportOptionsConverterTest" time="0.081"/>
  <testcase name="testParsesTimeStampedReports" classname="org.pitest.maven.MojoToReportOptionsConverterTest" time="0.088"/>
  <testcase name="testCreatesPredicateFromListOfTargetClassGlobs" classname="org.pitest.maven.MojoToReportOptionsConverterTest" time="0.088"/>
  <testcase name="testParsesTestPlugin" classname="org.pitest.maven.MojoToReportOptionsConverterTest" time="0.078"/>
  <testcase name="testParsesTestMethodsToInclude" classname="org.pitest.maven.MojoToReportOptionsConverterTest" time="0.08"/>
  <testcase name="testParsesTimeOutFactor" classname="org.pitest.maven.MojoToReportOptionsConverterTest" time="0.085"/>
  <testcase name="testParsesListOfTargetTestClassGlobs" classname="org.pitest.maven.MojoToReportOptionsConverterTest" time="0.115"/>
  <testcase name="testParsesLineCoverageExportFlagWhenNotSet" classname="org.pitest.maven.MojoToReportOptionsConverterTest" time="0.122"/>
  <testcase name="testParsesLineCoverageExportFlagWhenSet" classname="org.pitest.maven.MojoToReportOptionsConverterTest" time="0.11"/>
  <testcase name="testIgnoreSurefireConfigWhenFlagNotSet" classname="org.pitest.maven.MojoToReportOptionsConverterTest" time="0.153"/>
  <testcase name="testParsesTestGroupsToExclude" classname="org.pitest.maven.MojoToReportOptionsConverterTest" time="0.064"/>
  <testcase name="testParsesVerboseFlag" classname="org.pitest.maven.MojoToReportOptionsConverterTest" time="0.065"/>
  <testcase name="testParsesListOfMutationOperators" classname="org.pitest.maven.MojoToReportOptionsConverterTest" time="0.076"/>
  <testcase name="testParsesCommaListOfExcludedMethods" classname="org.pitest.maven.MojoToReportOptionsConverterTest" time="0.197"/>
  <testcase name="testParsesNumberOfThreads" classname="org.pitest.maven.MojoToReportOptionsConverterTest" time="0.058"/>
  <testcase name="testParsesExcludedRunners" classname="org.pitest.maven.MojoToReportOptionsConverterTest" time="0.064"/>
  <testcase name="testDefaultsToHtmlReportWhenNoOutputFormatsSpecified" classname="org.pitest.maven.MojoToReportOptionsConverterTest" time="0.059"/>
  <testcase name="testParsesListOfFeatures" classname="org.pitest.maven.MojoToReportOptionsConverterTest" time="0.071"/>
  <testcase name="testParsesJavaExecutable" classname="org.pitest.maven.MojoToReportOptionsConverterTest" time="0.072"/>
  <testcase name="testParsesListOfOutputFormatsWhenSupplied" classname="org.pitest.maven.MojoToReportOptionsConverterTest" time="0.051"/>
  <testcase name="testDefaultsLoggingPackagesToDefaultsDefinedByDefaultMutationConfigFactory" classname="org.pitest.maven.MojoToReportOptionsConverterTest" time="0.057"/>
  <testcase name="testParsesEngineWhenSet" classname="org.pitest.maven.MojoToReportOptionsConverterTest" time="0.053"/>
  <testcase name="testParsesLocalHistoryFlag" classname="org.pitest.maven.MojoToReportOptionsConverterTest" time="0.053"/>
  <testcase name="testParsesListOfClassesToAvoidCallTo" classname="org.pitest.maven.MojoToReportOptionsConverterTest" time="0.066"/>
  <testcase name="testDefaultsJavaExecutableToNull" classname="org.pitest.maven.MojoToReportOptionsConverterTest" time="0.062"/>
  <testcase name="testDefaultsMutationUnitSizeToCorrectValue" classname="org.pitest.maven.MojoToReportOptionsConverterTest" time="0.061"/>
  <testcase name="testParsesListOfExcludedClassGlobsAndApplyTheseToTargets" classname="org.pitest.maven.MojoToReportOptionsConverterTest" time="0.072"/>
  <testcase name="testMaintainsOrderOfClassPath" classname="org.pitest.maven.MojoToReportOptionsConverterTest" time="0.079"/>
  <testcase name="testsParsesReportDir" classname="org.pitest.maven.MojoToReportOptionsConverterTest" time="0.11"/>
</testsuite>