<?xml version="1.0" encoding="UTF-8"?>
<testsuite name="org.pitest.coverage.execute.CoverageProcessSystemTest" time="58.965" tests="24" errors="0" skipped="0" failures="0">
  <properties>
[...]
</properties>
  <testcase name="shouldFailWithExitCode" classname="org.pitest.coverage.execute.CoverageProcessSystemTest" time="2.5"/>
  <testcase name="shouldCalculateCoverageFor14BlockMethods" classname="org.pitest.coverage.execute.CoverageProcessSystemTest" time="2.41"/>
  <testcase name="shouldCalculateCoverageOfClassesRunInDifferentClassLoader" classname="org.pitest.coverage.execute.CoverageProcessSystemTest" time="2.877"/>
  <testcase name="shouldCalculateCoverageFor13BlockMethods" classname="org.pitest.coverage.execute.CoverageProcessSystemTest" time="2.372"/>
  <testcase name="shouldCalculateCoverageFor12BlockMethods" classname="org.pitest.coverage.execute.CoverageProcessSystemTest" time="2.391"/>
  <testcase name="shouldRecordSomeCoverage" classname="org.pitest.coverage.execute.CoverageProcessSystemTest" time="2.516"/>
  <testcase name="shouldCalculateCoverageFor11BlockMethods" classname="org.pitest.coverage.execute.CoverageProcessSystemTest" time="2.374"/>
  <testcase name="shouldCalculateCoverageForMethodThatThrowsExceptionWithFinallyBlock" classname="org.pitest.coverage.execute.CoverageProcessSystemTest" time="2.497"/>
  <testcase name="shouldCalculateCoverageFor10BlockMethods" classname="org.pitest.coverage.execute.CoverageProcessSystemTest" time="2.357"/>
  <testcase name="shouldCalculateCoverageForAllRelevantClasses" classname="org.pitest.coverage.execute.CoverageProcessSystemTest" time="2.549"/>
  <testcase name="shouldCalculateCoverageForConstructors" classname="org.pitest.coverage.execute.CoverageProcessSystemTest" time="2.313"/>
  <testcase name="shouldCalculateCoverageForSingleBlockMethods" classname="org.pitest.coverage.execute.CoverageProcessSystemTest" time="2.577"/>
  <testcase name="shouldCalculateCoverageFor9BlockMethods" classname="org.pitest.coverage.execute.CoverageProcessSystemTest" time="2.44"/>
  <testcase name="shouldCalculateCoverageForLargeMethodThatThrowsException" classname="org.pitest.coverage.execute.CoverageProcessSystemTest" time="2.485"/>
  <testcase name="shouldCalculateCoverageFor8BlockMethods" classname="org.pitest.coverage.execute.CoverageProcessSystemTest" time="2.347"/>
  <testcase name="shouldCalculateCoverageForLargeBlockMethods" classname="org.pitest.coverage.execute.CoverageProcessSystemTest" time="2.505"/>
  <testcase name="shouldCalculateCoverageFor7BlockMethods" classname="org.pitest.coverage.execute.CoverageProcessSystemTest" time="2.49"/>
  <testcase name="shouldCalculateCoverageForSmallMethodThatThrowsException" classname="org.pitest.coverage.execute.CoverageProcessSystemTest" time="2.327"/>
  <testcase name="shouldCalculateCoverageFor5BlockMethods" classname="org.pitest.coverage.execute.CoverageProcessSystemTest" time="2.519"/>
  <testcase name="shouldCalculateCoverageFor4BlockMethods" classname="org.pitest.coverage.execute.CoverageProcessSystemTest" time="2.373"/>
  <testcase name="shouldCalculateCoverageForBlockMethods" classname="org.pitest.coverage.execute.CoverageProcessSystemTest" time="2.567"/>
  <testcase name="shouldCalculateCoverageFor3BlockMethods" classname="org.pitest.coverage.execute.CoverageProcessSystemTest" time="2.37"/>
  <testcase name="shouldNotCorruptedTheSystemNewLineProperty" classname="org.pitest.coverage.execute.CoverageProcessSystemTest" time="2.437"/>
  <testcase name="shouldCalculateCoverageFor15BlockMethods" classname="org.pitest.coverage.execute.CoverageProcessSystemTest" time="2.372"/>
</testsuite>